<?xml version="1.0" encoding="UTF-8"?>
<!-- Generated by org.testng.reporters.JUnitXMLReporter -->
<testsuite hostname="HYD-LAP-0646" ignored="0" name="RestAPI_POC" tests="2" failures="1" timestamp="2020-05-10T17:21:57 IST" time="6.107" errors="0">
  <testcase name="getrequest" time="2.789" classname="com.nisum.rest.baseTest.TestFile.ReqresTest">
    <failure type="org.json.JSONException" message="JSONObject[&amp;quot;page&amp;quot;] not a string.">
      <![CDATA[org.json.JSONException: JSONObject["page"] not a string.
at org.json.JSONObject.getString(JSONObject.java:840)
at com.nisum.rest.ReqresAPI.getresponse(ReqresAPI.java:81)
at com.nisum.rest.baseTest.TestFile.ReqresTest.getrequest(ReqresTest.java:47)
at java.util.ArrayList.forEach(ArrayList.java:1257)
at com.intellij.rt.testng.IDEARemoteTestNG.run(IDEARemoteTestNG.java:66)
at com.intellij.rt.testng.RemoteTestNGStarter.main(RemoteTestNGStarter.java:110)
... Removed 24 stack frames]]>
    </failure>
  </testcase> <!-- getrequest -->
  <testcase name="postrequest" time="2.752" classname="com.nisum.rest.baseTest.TestFile.ReqresTest"/>
</testsuite> <!-- RestAPI_POC -->
