<?xml version="1.0" encoding="UTF-8"?>
<!-- Generated by org.testng.reporters.JUnitXMLReporter -->
<testsuite hostname="HYD-LAP-0646" ignored="7" name="RestAPI_POC" tests="1" failures="1" timestamp="2020-05-27T14:24:35 IST" time="0.889" errors="0">
  <testcase name="post_call" time="0.198" classname="com.nisum.test.EmployeeTest">
    <failure type="java.lang.IllegalArgumentException" message="baseURI cannot be null">
      <![CDATA[java.lang.IllegalArgumentException: baseURI cannot be null
at org.codehaus.groovy.runtime.callsite.ConstructorSite$ConstructorSiteNoUnwrap.callConstructor(ConstructorSite.java:84)
at org.codehaus.groovy.runtime.callsite.CallSiteArray.defaultCallConstructor(CallSiteArray.java:59)
at org.codehaus.groovy.runtime.callsite.AbstractCallSite.callConstructor(AbstractCallSite.java:263)
at org.codehaus.groovy.runtime.callsite.AbstractCallSite.callConstructor(AbstractCallSite.java:277)
at io.restassured.internal.common.assertion.AssertParameter.notNull(AssertParameter.groovy:26)
at io.restassured.internal.common.assertion.AssertParameter$notNull.callStatic(Unknown Source)
at org.codehaus.groovy.runtime.callsite.CallSiteArray.defaultCallStatic(CallSiteArray.java:55)
at org.codehaus.groovy.runtime.callsite.AbstractCallSite.callStatic(AbstractCallSite.java:217)
at org.codehaus.groovy.runtime.callsite.AbstractCallSite.callStatic(AbstractCallSite.java:240)
at io.restassured.internal.RequestSpecificationImpl.<init>(RequestSpecificationImpl.groovy:135)
at io.restassured.RestAssured.createTestSpecification(RestAssured.java:1452)
at io.restassured.RestAssured.given(RestAssured.java:653)
at com.nisum.rest.EmployeeEndpoints.postemployee(EmployeeEndpoints.java:27)
at com.nisum.test.EmployeeTest.post_call(EmployeeTest.java:33)
at java.util.ArrayList.forEach(ArrayList.java:1257)
at com.intellij.rt.testng.IDEARemoteTestNG.run(IDEARemoteTestNG.java:66)
at com.intellij.rt.testng.RemoteTestNGStarter.main(RemoteTestNGStarter.java:110)
... Removed 30 stack frames]]>
    </failure>
  </testcase> <!-- post_call -->
  <testcase name="test1" time="0.0" classname="com.nisum.test.EmployeeTest">
    <ignored/>
  </testcase> <!-- test1 -->
  <testcase name="delete_call" time="0.0" classname="com.nisum.test.EmployeeTest">
    <ignored/>
  </testcase> <!-- delete_call -->
  <testcase name="get_call" time="0.0" classname="com.nisum.test.EmployeeTest">
    <ignored/>
  </testcase> <!-- get_call -->
  <testcase name="testSingleString" time="0.0" classname="com.nisum.test.EmployeeTest">
    <ignored/>
  </testcase> <!-- testSingleString -->
  <testcase name="verifyData1" time="0.0" classname="com.nisum.test.EmployeeTest">
    <ignored/>
  </testcase> <!-- verifyData1 -->
  <testcase name="test2" time="0.0" classname="com.nisum.test.EmployeeTest">
    <ignored/>
  </testcase> <!-- test2 -->
  <testcase name="test3" time="0.0" classname="com.nisum.test.EmployeeTest">
    <ignored/>
  </testcase> <!-- test3 -->
</testsuite> <!-- RestAPI_POC -->
