<?xml version="1.0" encoding="UTF-8"?>
<testng-results skipped="0" failed="0" ignored="0" total="1" passed="1">
  <reporter-output>
  </reporter-output>
  <suite name="Default Suite" duration-ms="6920" started-at="2020-05-10T13:15:36 IST" finished-at="2020-05-10T13:15:43 IST">
    <groups>
    </groups>
    <test name="RestAPI_POC" duration-ms="6920" started-at="2020-05-10T13:15:36 IST" finished-at="2020-05-10T13:15:43 IST">
      <class name="com.restassured.baseTest.TestFile.ReqresTest">
        <test-method status="PASS" signature="callingBaseURI()[pri:0, instance:com.restassured.baseTest.TestFile.ReqresTest@14bf9759]" name="callingBaseURI" is-config="true" duration-ms="593" started-at="2020-05-10T13:15:36 IST" description="This is first test for this package" finished-at="2020-05-10T13:15:37 IST">
          <reporter-output>
          </reporter-output>
        </test-method> <!-- callingBaseURI -->
        <test-method status="PASS" signature="reponseJson()[pri:0, instance:com.restassured.baseTest.TestFile.ReqresTest@14bf9759]" name="reponseJson" is-config="true" duration-ms="0" started-at="2020-05-10T13:15:37 IST" description="This method should run after callingBaseURI" finished-at="2020-05-10T13:15:37 IST">
          <reporter-output>
          </reporter-output>
        </test-method> <!-- reponseJson -->
        <test-method status="PASS" signature="postrequest()[pri:0, instance:com.restassured.baseTest.TestFile.ReqresTest@14bf9759]" name="postrequest" duration-ms="6274" started-at="2020-05-10T13:15:37 IST" finished-at="2020-05-10T13:15:43 IST">
          <reporter-output>
          </reporter-output>
        </test-method> <!-- postrequest -->
      </class> <!-- com.restassured.baseTest.TestFile.ReqresTest -->
    </test> <!-- RestAPI_POC -->
  </suite> <!-- Default Suite -->
</testng-results>
